[2023-11-26 20:03:36,236: INFO: main: Welcome to our custom log]
[2023-11-26 20:05:44,439: INFO: main: Welcome to our custom log]
[2023-11-26 21:51:54,291: INFO: main: >>>>>> stage Data Ingestion stage started <<<<<<]
[2023-11-26 21:51:54,370: INFO: common: yaml file: config\config.yaml loaded successfully]
[2023-11-26 21:51:54,385: INFO: common: yaml file: params.yaml loaded successfully]
[2023-11-26 21:51:54,432: INFO: common: created directory at: artifacts]
[2023-11-26 21:51:54,432: INFO: common: created directory at: artifacts/data_ingestion]
[2023-11-26 21:51:54,432: INFO: data_ingestion: Downloading data from https://drive.google.com/file/d/1vlhZ5c7abUKF8xXERIw6m9Te8fW7ohw3/view?usp=sharing into file artifacts/data_ingestion/data.zip]
[2023-11-26 21:53:10,156: INFO: data_ingestion: Downloaded data from https://drive.google.com/file/d/1vlhZ5c7abUKF8xXERIw6m9Te8fW7ohw3/view?usp=sharing into file artifacts/data_ingestion/data.zip]
[2023-11-26 21:53:12,433: INFO: main: >>>>>> stage Data Ingestion stage completed <<<<<<

x==========x]
[2023-11-28 07:04:27,467: INFO: common: yaml file: config\config.yaml loaded successfully]
[2023-11-28 07:04:30,778: INFO: common: yaml file: params.yaml loaded successfully]
[2023-11-28 07:04:31,484: INFO: common: created directory at: artifacts]
[2023-11-28 07:04:31,751: INFO: common: created directory at: artifacts/prepare_base_model]
[2023-11-28 07:07:29,587: WARNING: saving_utils: Compiled the loaded model, but the compiled metrics have yet to be built. `model.compile_metrics` will be empty until you train or evaluate the model.]
[2023-11-28 08:45:27,800: INFO: main: >>>>>> stage Data Ingestion stage started <<<<<<]
[2023-11-28 08:45:27,878: INFO: common: yaml file: config\config.yaml loaded successfully]
[2023-11-28 08:45:27,894: INFO: common: yaml file: params.yaml loaded successfully]
[2023-11-28 08:45:27,940: INFO: common: created directory at: artifacts]
[2023-11-28 08:45:27,972: INFO: common: created directory at: models]
[2023-11-28 08:45:27,987: INFO: common: created directory at: artifacts/data_ingestion]
[2023-11-28 08:45:27,987: INFO: data_ingestion: Downloading data from https://drive.google.com/file/d/1vlhZ5c7abUKF8xXERIw6m9Te8fW7ohw3/view?usp=sharing into file artifacts/data_ingestion/data.zip]
[2023-11-28 08:46:58,519: INFO: data_ingestion: Downloaded data from https://drive.google.com/file/d/1vlhZ5c7abUKF8xXERIw6m9Te8fW7ohw3/view?usp=sharing into file artifacts/data_ingestion/data.zip]
[2023-11-28 08:47:01,597: INFO: main: >>>>>> stage Data Ingestion stage completed <<<<<<

x==========x]
[2023-11-28 08:47:01,597: INFO: main: *******************]
[2023-11-28 08:47:01,597: INFO: main: >>>>>> stage Prepare base model started <<<<<<]
[2023-11-28 08:47:01,613: INFO: common: yaml file: config\config.yaml loaded successfully]
[2023-11-28 08:47:01,613: INFO: common: yaml file: params.yaml loaded successfully]
[2023-11-28 08:47:01,613: INFO: common: created directory at: artifacts]
[2023-11-28 08:47:01,613: INFO: common: created directory at: models]
[2023-11-28 08:47:01,613: INFO: common: created directory at: artifacts/prepare_base_model]
[2023-11-28 08:47:13,151: WARNING: saving_utils: Compiled the loaded model, but the compiled metrics have yet to be built. `model.compile_metrics` will be empty until you train or evaluate the model.]
[2023-11-28 08:47:14,932: WARNING: saving_utils: Compiled the loaded model, but the compiled metrics have yet to be built. `model.compile_metrics` will be empty until you train or evaluate the model.]
[2023-11-28 08:47:19,670: INFO: main: >>>>>> stage Prepare base model completed <<<<<<

x==========x]
[2023-11-28 20:29:05,009: INFO: common: yaml file: config\config.yaml loaded successfully]
[2023-11-28 20:29:05,233: INFO: common: yaml file: params.yaml loaded successfully]
[2023-11-28 20:29:05,371: INFO: common: created directory at: artifacts]
[2023-11-28 20:29:05,371: INFO: common: created directory at: artifacts\training]
[2023-11-28 20:53:21,747: INFO: main: >>>>>> stage Data Ingestion stage started <<<<<<]
[2023-11-28 20:53:21,747: INFO: common: yaml file: config\config.yaml loaded successfully]
[2023-11-28 20:53:21,763: INFO: common: yaml file: params.yaml loaded successfully]
[2023-11-28 20:53:21,763: INFO: common: created directory at: artifacts]
[2023-11-28 20:53:21,763: INFO: common: created directory at: models]
[2023-11-28 20:53:21,763: INFO: common: created directory at: artifacts/data_ingestion]
[2023-11-28 20:53:21,763: INFO: data_ingestion: Downloading data from https://drive.google.com/file/d/1vlhZ5c7abUKF8xXERIw6m9Te8fW7ohw3/view?usp=sharing into file artifacts/data_ingestion/data.zip]
[2023-11-28 21:04:49,402: INFO: data_ingestion: Downloaded data from https://drive.google.com/file/d/1vlhZ5c7abUKF8xXERIw6m9Te8fW7ohw3/view?usp=sharing into file artifacts/data_ingestion/data.zip]
[2023-11-28 21:04:56,831: INFO: main: >>>>>> stage Data Ingestion stage completed <<<<<<

x==========x]
[2023-11-28 21:04:56,831: INFO: main: *******************]
[2023-11-28 21:04:56,831: INFO: main: >>>>>> stage Prepare base model started <<<<<<]
[2023-11-28 21:04:56,846: INFO: common: yaml file: config\config.yaml loaded successfully]
[2023-11-28 21:04:56,863: INFO: common: yaml file: params.yaml loaded successfully]
[2023-11-28 21:04:56,864: INFO: common: created directory at: artifacts]
[2023-11-28 21:04:56,864: INFO: common: created directory at: models]
[2023-11-28 21:04:56,864: INFO: common: created directory at: artifacts/prepare_base_model]
[2023-11-28 21:05:02,820: WARNING: saving_utils: Compiled the loaded model, but the compiled metrics have yet to be built. `model.compile_metrics` will be empty until you train or evaluate the model.]
[2023-11-28 21:05:03,055: WARNING: saving_utils: Compiled the loaded model, but the compiled metrics have yet to be built. `model.compile_metrics` will be empty until you train or evaluate the model.]
[2023-11-28 21:05:05,766: INFO: main: >>>>>> stage Prepare base model completed <<<<<<

x==========x]
[2023-11-28 21:05:05,766: INFO: main: *******************]
[2023-11-28 21:05:05,766: INFO: main: >>>>>> stage Training started <<<<<<]
[2023-11-28 21:05:05,781: INFO: common: yaml file: config\config.yaml loaded successfully]
[2023-11-28 21:05:05,781: INFO: common: yaml file: params.yaml loaded successfully]
[2023-11-28 21:05:05,797: INFO: common: created directory at: artifacts]
[2023-11-28 21:05:05,814: INFO: common: created directory at: models]
[2023-11-28 21:05:05,829: INFO: common: created directory at: artifacts\training]
[2023-11-28 21:06:22,706: INFO: main: >>>>>> stage Training completed <<<<<<

x==========x]
[2023-11-28 23:17:10,117: INFO: common: yaml file: config\config.yaml loaded successfully]
[2023-11-28 23:17:10,212: INFO: common: yaml file: params.yaml loaded successfully]
[2023-11-28 23:17:10,251: INFO: common: created directory at: artifacts]
[2023-11-28 23:17:38,498: INFO: common: json file saved at: scores.json]
[2023-11-28 23:17:48,600: WARNING: save: Found untraced functions such as _jit_compiled_convolution_op, _jit_compiled_convolution_op, _jit_compiled_convolution_op, _jit_compiled_convolution_op, _jit_compiled_convolution_op while saving (showing 5 of 14). These functions will not be directly callable after loading.]
[2023-11-28 23:17:51,531: INFO: builder_impl: Assets written to: C:\Users\kathe\AppData\Local\Temp\tmp12l_y7wn\model\data\model\assets]
[2023-11-28 23:50:21,239: INFO: main: >>>>>> stage Data Ingestion stage started <<<<<<]
[2023-11-28 23:50:21,270: INFO: common: yaml file: config\config.yaml loaded successfully]
[2023-11-28 23:50:21,286: INFO: common: yaml file: params.yaml loaded successfully]
[2023-11-28 23:50:21,286: INFO: common: created directory at: artifacts]
[2023-11-28 23:50:21,286: INFO: common: created directory at: models]
[2023-11-28 23:50:21,286: INFO: common: created directory at: artifacts/data_ingestion]
[2023-11-28 23:50:21,286: INFO: data_ingestion: Downloading data from https://drive.google.com/file/d/1vlhZ5c7abUKF8xXERIw6m9Te8fW7ohw3/view?usp=sharing into file artifacts/data_ingestion/data.zip]
[2023-11-28 23:50:57,083: INFO: data_ingestion: Downloaded data from https://drive.google.com/file/d/1vlhZ5c7abUKF8xXERIw6m9Te8fW7ohw3/view?usp=sharing into file artifacts/data_ingestion/data.zip]
[2023-11-28 23:51:00,489: INFO: main: >>>>>> stage Data Ingestion stage completed <<<<<<

x==========x]
[2023-11-28 23:51:00,505: INFO: main: *******************]
[2023-11-28 23:51:00,505: INFO: main: >>>>>> stage Prepare base model started <<<<<<]
[2023-11-28 23:51:00,505: INFO: common: yaml file: config\config.yaml loaded successfully]
[2023-11-28 23:51:00,505: INFO: common: yaml file: params.yaml loaded successfully]
[2023-11-28 23:51:00,505: INFO: common: created directory at: artifacts]
[2023-11-28 23:51:00,505: INFO: common: created directory at: models]
[2023-11-28 23:51:00,505: INFO: common: created directory at: artifacts/prepare_base_model]
[2023-11-28 23:51:02,401: WARNING: saving_utils: Compiled the loaded model, but the compiled metrics have yet to be built. `model.compile_metrics` will be empty until you train or evaluate the model.]
[2023-11-28 23:51:02,698: WARNING: saving_utils: Compiled the loaded model, but the compiled metrics have yet to be built. `model.compile_metrics` will be empty until you train or evaluate the model.]
[2023-11-28 23:51:08,485: INFO: main: >>>>>> stage Prepare base model completed <<<<<<

x==========x]
[2023-11-28 23:51:08,485: INFO: main: *******************]
[2023-11-28 23:51:08,485: INFO: main: >>>>>> stage Training started <<<<<<]
[2023-11-28 23:51:08,501: INFO: common: yaml file: config\config.yaml loaded successfully]
[2023-11-28 23:51:08,501: INFO: common: yaml file: params.yaml loaded successfully]
[2023-11-28 23:51:08,516: INFO: common: created directory at: artifacts]
[2023-11-28 23:51:08,516: INFO: common: created directory at: models]
[2023-11-28 23:51:08,516: INFO: common: created directory at: artifacts\training]
[2023-11-28 23:52:09,306: INFO: main: >>>>>> stage Training completed <<<<<<

x==========x]
[2023-11-28 23:52:09,306: INFO: main: *******************]
[2023-11-28 23:52:09,306: INFO: main: >>>>>> stage Evaluation stage started <<<<<<]
[2023-11-28 23:52:09,322: INFO: common: yaml file: config\config.yaml loaded successfully]
[2023-11-28 23:52:09,322: INFO: common: yaml file: params.yaml loaded successfully]
[2023-11-28 23:52:09,322: INFO: common: created directory at: artifacts]
[2023-11-28 23:52:09,322: INFO: common: created directory at: models]
[2023-11-28 23:52:26,245: INFO: common: json file saved at: scores.json]
[2023-11-28 23:52:26,245: INFO: common: json file saved at: scores.json]
[2023-11-28 23:52:26,245: INFO: main: >>>>>> stage Evaluation stage completed <<<<<<

x==========x]
